CRITICAL - 2023-02-10 05:18:45 --> Invalid file: "contact.php"
in SYSTEMPATH\Exceptions\FrameworkException.php on line 33.
 1 SYSTEMPATH\View\View.php(201): CodeIgniter\Exceptions\FrameworkException::forInvalidFile('contact.php')
 2 SYSTEMPATH\Common.php(1177): CodeIgniter\View\View->render('contact', [], true)
 3 APPPATH\Controllers\Contact.php(9): view('contact')
 4 SYSTEMPATH\CodeIgniter.php(934): App\Controllers\Contact->index()
 5 SYSTEMPATH\CodeIgniter.php(499): CodeIgniter\CodeIgniter->runController(Object(App\Controllers\Contact))
 6 SYSTEMPATH\CodeIgniter.php(368): CodeIgniter\CodeIgniter->handleRequest(null, Object(Config\Cache), false)
 7 FCPATH\index.php(67): CodeIgniter\CodeIgniter->run()
CRITICAL - 2023-02-10 05:19:02 --> Invalid file: "contact.php"
in SYSTEMPATH\Exceptions\FrameworkException.php on line 33.
 1 SYSTEMPATH\View\View.php(201): CodeIgniter\Exceptions\FrameworkException::forInvalidFile('contact.php')
 2 SYSTEMPATH\Common.php(1177): CodeIgniter\View\View->render('contact', [], true)
 3 APPPATH\Controllers\Contact.php(9): view('contact')
 4 SYSTEMPATH\CodeIgniter.php(934): App\Controllers\Contact->index()
 5 SYSTEMPATH\CodeIgniter.php(499): CodeIgniter\CodeIgniter->runController(Object(App\Controllers\Contact))
 6 SYSTEMPATH\CodeIgniter.php(368): CodeIgniter\CodeIgniter->handleRequest(null, Object(Config\Cache), false)
 7 FCPATH\index.php(67): CodeIgniter\CodeIgniter->run()
CRITICAL - 2023-02-10 05:23:53 --> Invalid file: "partials/contact.php"
in SYSTEMPATH\Exceptions\FrameworkException.php on line 33.
 1 SYSTEMPATH\View\View.php(201): CodeIgniter\Exceptions\FrameworkException::forInvalidFile('partials/contact.php')
 2 SYSTEMPATH\View\View.php(431): CodeIgniter\View\View->render('partials/contact', null, true)
 3 APPPATH\Views\newview.php(84): CodeIgniter\View\View->include('partials/contact')
 4 SYSTEMPATH\View\View.php(213): include('APPPATH\\Views\\newview.php')
 5 SYSTEMPATH\View\View.php(216): CodeIgniter\View\View->CodeIgniter\View\{closure}()
 6 SYSTEMPATH\Common.php(1177): CodeIgniter\View\View->render('newview', [], true)
 7 APPPATH\Controllers\Welcome.php(38): view('newview', [...])
 8 SYSTEMPATH\CodeIgniter.php(934): App\Controllers\Welcome->index()
 9 SYSTEMPATH\CodeIgniter.php(499): CodeIgniter\CodeIgniter->runController(Object(App\Controllers\Welcome))
10 SYSTEMPATH\CodeIgniter.php(368): CodeIgniter\CodeIgniter->handleRequest(null, Object(Config\Cache), false)
11 FCPATH\index.php(67): CodeIgniter\CodeIgniter->run()
CRITICAL - 2023-02-10 05:23:56 --> Invalid file: "partials/contact.php"
in SYSTEMPATH\Exceptions\FrameworkException.php on line 33.
 1 SYSTEMPATH\View\View.php(201): CodeIgniter\Exceptions\FrameworkException::forInvalidFile('partials/contact.php')
 2 SYSTEMPATH\View\View.php(431): CodeIgniter\View\View->render('partials/contact', null, true)
 3 APPPATH\Views\newview.php(84): CodeIgniter\View\View->include('partials/contact')
 4 SYSTEMPATH\View\View.php(213): include('APPPATH\\Views\\newview.php')
 5 SYSTEMPATH\View\View.php(216): CodeIgniter\View\View->CodeIgniter\View\{closure}()
 6 SYSTEMPATH\Common.php(1177): CodeIgniter\View\View->render('newview', [], true)
 7 APPPATH\Controllers\Welcome.php(38): view('newview', [...])
 8 SYSTEMPATH\CodeIgniter.php(934): App\Controllers\Welcome->index()
 9 SYSTEMPATH\CodeIgniter.php(499): CodeIgniter\CodeIgniter->runController(Object(App\Controllers\Welcome))
10 SYSTEMPATH\CodeIgniter.php(368): CodeIgniter\CodeIgniter->handleRequest(null, Object(Config\Cache), false)
11 FCPATH\index.php(67): CodeIgniter\CodeIgniter->run()
CRITICAL - 2023-02-10 05:31:47 --> Invalid file: "partials/contact.php"
in SYSTEMPATH\Exceptions\FrameworkException.php on line 33.
 1 SYSTEMPATH\View\View.php(201): CodeIgniter\Exceptions\FrameworkException::forInvalidFile('partials/contact.php')
 2 SYSTEMPATH\View\View.php(431): CodeIgniter\View\View->render('partials/contact', null, true)
 3 APPPATH\Views\newview.php(84): CodeIgniter\View\View->include('partials/contact')
 4 SYSTEMPATH\View\View.php(213): include('APPPATH\\Views\\newview.php')
 5 SYSTEMPATH\View\View.php(216): CodeIgniter\View\View->CodeIgniter\View\{closure}()
 6 SYSTEMPATH\Common.php(1177): CodeIgniter\View\View->render('newview', [], true)
 7 APPPATH\Controllers\Welcome.php(38): view('newview', [...])
 8 SYSTEMPATH\CodeIgniter.php(934): App\Controllers\Welcome->index()
 9 SYSTEMPATH\CodeIgniter.php(499): CodeIgniter\CodeIgniter->runController(Object(App\Controllers\Welcome))
10 SYSTEMPATH\CodeIgniter.php(368): CodeIgniter\CodeIgniter->handleRequest(null, Object(Config\Cache), false)
11 FCPATH\index.php(67): CodeIgniter\CodeIgniter->run()
CRITICAL - 2023-02-10 05:32:05 --> Invalid file: "partials/contact.php"
in SYSTEMPATH\Exceptions\FrameworkException.php on line 33.
 1 SYSTEMPATH\View\View.php(201): CodeIgniter\Exceptions\FrameworkException::forInvalidFile('partials/contact.php')
 2 SYSTEMPATH\View\View.php(431): CodeIgniter\View\View->render('partials/contact', null, true)
 3 APPPATH\Views\newview.php(84): CodeIgniter\View\View->include('partials/contact')
 4 SYSTEMPATH\View\View.php(213): include('APPPATH\\Views\\newview.php')
 5 SYSTEMPATH\View\View.php(216): CodeIgniter\View\View->CodeIgniter\View\{closure}()
 6 SYSTEMPATH\Common.php(1177): CodeIgniter\View\View->render('newview', [], true)
 7 APPPATH\Controllers\Welcome.php(38): view('newview', [...])
 8 SYSTEMPATH\CodeIgniter.php(934): App\Controllers\Welcome->index()
 9 SYSTEMPATH\CodeIgniter.php(499): CodeIgniter\CodeIgniter->runController(Object(App\Controllers\Welcome))
10 SYSTEMPATH\CodeIgniter.php(368): CodeIgniter\CodeIgniter->handleRequest(null, Object(Config\Cache), false)
11 FCPATH\index.php(67): CodeIgniter\CodeIgniter->run()
CRITICAL - 2023-02-10 06:39:50 --> Undefined variable: validation
in APPPATH\Views\contact.php on line 16.
 1 APPPATH\Views\contact.php(16): CodeIgniter\Debug\Exceptions->errorHandler(8, 'Undefined variable: validation', 'APPPATH\\Views\\contact.php', 16, [])
 2 SYSTEMPATH\View\View.php(213): include('APPPATH\\Views\\contact.php')
 3 SYSTEMPATH\View\View.php(216): CodeIgniter\View\View->CodeIgniter\View\{closure}()
 4 SYSTEMPATH\Common.php(1177): CodeIgniter\View\View->render('contact', [], true)
 5 APPPATH\Controllers\Contact.php(35): view('contact', [])
 6 SYSTEMPATH\CodeIgniter.php(934): App\Controllers\Contact->index()
 7 SYSTEMPATH\CodeIgniter.php(499): CodeIgniter\CodeIgniter->runController(Object(App\Controllers\Contact))
 8 SYSTEMPATH\CodeIgniter.php(368): CodeIgniter\CodeIgniter->handleRequest(null, Object(Config\Cache), false)
 9 FCPATH\index.php(67): CodeIgniter\CodeIgniter->run()
CRITICAL - 2023-02-10 06:40:03 --> Undefined variable: validation
in APPPATH\Views\contact.php on line 14.
 1 APPPATH\Views\contact.php(14): CodeIgniter\Debug\Exceptions->errorHandler(8, 'Undefined variable: validation', 'APPPATH\\Views\\contact.php', 14, [])
 2 SYSTEMPATH\View\View.php(213): include('APPPATH\\Views\\contact.php')
 3 SYSTEMPATH\View\View.php(216): CodeIgniter\View\View->CodeIgniter\View\{closure}()
 4 SYSTEMPATH\Common.php(1177): CodeIgniter\View\View->render('contact', [], true)
 5 APPPATH\Controllers\Contact.php(35): view('contact', [])
 6 SYSTEMPATH\CodeIgniter.php(934): App\Controllers\Contact->index()
 7 SYSTEMPATH\CodeIgniter.php(499): CodeIgniter\CodeIgniter->runController(Object(App\Controllers\Contact))
 8 SYSTEMPATH\CodeIgniter.php(368): CodeIgniter\CodeIgniter->handleRequest(null, Object(Config\Cache), false)
 9 FCPATH\index.php(67): CodeIgniter\CodeIgniter->run()
CRITICAL - 2023-02-10 06:40:04 --> Undefined variable: validation
in APPPATH\Views\contact.php on line 14.
 1 APPPATH\Views\contact.php(14): CodeIgniter\Debug\Exceptions->errorHandler(8, 'Undefined variable: validation', 'APPPATH\\Views\\contact.php', 14, [])
 2 SYSTEMPATH\View\View.php(213): include('APPPATH\\Views\\contact.php')
 3 SYSTEMPATH\View\View.php(216): CodeIgniter\View\View->CodeIgniter\View\{closure}()
 4 SYSTEMPATH\Common.php(1177): CodeIgniter\View\View->render('contact', [], true)
 5 APPPATH\Controllers\Contact.php(35): view('contact', [])
 6 SYSTEMPATH\CodeIgniter.php(934): App\Controllers\Contact->index()
 7 SYSTEMPATH\CodeIgniter.php(499): CodeIgniter\CodeIgniter->runController(Object(App\Controllers\Contact))
 8 SYSTEMPATH\CodeIgniter.php(368): CodeIgniter\CodeIgniter->handleRequest(null, Object(Config\Cache), false)
 9 FCPATH\index.php(67): CodeIgniter\CodeIgniter->run()
CRITICAL - 2023-02-10 06:40:58 --> Undefined variable: validation
in APPPATH\Views\contact.php on line 16.
 1 APPPATH\Views\contact.php(16): CodeIgniter\Debug\Exceptions->errorHandler(8, 'Undefined variable: validation', 'APPPATH\\Views\\contact.php', 16, [])
 2 SYSTEMPATH\View\View.php(213): include('APPPATH\\Views\\contact.php')
 3 SYSTEMPATH\View\View.php(216): CodeIgniter\View\View->CodeIgniter\View\{closure}()
 4 SYSTEMPATH\Common.php(1177): CodeIgniter\View\View->render('contact', [], true)
 5 APPPATH\Controllers\Contact.php(35): view('contact', [])
 6 SYSTEMPATH\CodeIgniter.php(934): App\Controllers\Contact->index()
 7 SYSTEMPATH\CodeIgniter.php(499): CodeIgniter\CodeIgniter->runController(Object(App\Controllers\Contact))
 8 SYSTEMPATH\CodeIgniter.php(368): CodeIgniter\CodeIgniter->handleRequest(null, Object(Config\Cache), false)
 9 FCPATH\index.php(67): CodeIgniter\CodeIgniter->run()
CRITICAL - 2023-02-10 06:42:39 --> Undefined variable: validation
in APPPATH\Views\contact.php on line 16.
 1 APPPATH\Views\contact.php(16): CodeIgniter\Debug\Exceptions->errorHandler(8, 'Undefined variable: validation', 'APPPATH\\Views\\contact.php', 16, [])
 2 SYSTEMPATH\View\View.php(213): include('APPPATH\\Views\\contact.php')
 3 SYSTEMPATH\View\View.php(216): CodeIgniter\View\View->CodeIgniter\View\{closure}()
 4 SYSTEMPATH\Common.php(1177): CodeIgniter\View\View->render('contact', [], true)
 5 APPPATH\Controllers\Contact.php(35): view('contact', [])
 6 SYSTEMPATH\CodeIgniter.php(934): App\Controllers\Contact->index()
 7 SYSTEMPATH\CodeIgniter.php(499): CodeIgniter\CodeIgniter->runController(Object(App\Controllers\Contact))
 8 SYSTEMPATH\CodeIgniter.php(368): CodeIgniter\CodeIgniter->handleRequest(null, Object(Config\Cache), false)
 9 FCPATH\index.php(67): CodeIgniter\CodeIgniter->run()
CRITICAL - 2023-02-10 06:47:47 --> Undefined variable: validation
in APPPATH\Views\contact.php on line 16.
 1 APPPATH\Views\contact.php(16): CodeIgniter\Debug\Exceptions->errorHandler(8, 'Undefined variable: validation', 'APPPATH\\Views\\contact.php', 16, [])
 2 SYSTEMPATH\View\View.php(213): include('APPPATH\\Views\\contact.php')
 3 SYSTEMPATH\View\View.php(216): CodeIgniter\View\View->CodeIgniter\View\{closure}()
 4 SYSTEMPATH\Common.php(1177): CodeIgniter\View\View->render('contact', [], true)
 5 APPPATH\Controllers\Contact.php(34): view('contact', [])
 6 SYSTEMPATH\CodeIgniter.php(934): App\Controllers\Contact->index()
 7 SYSTEMPATH\CodeIgniter.php(499): CodeIgniter\CodeIgniter->runController(Object(App\Controllers\Contact))
 8 SYSTEMPATH\CodeIgniter.php(368): CodeIgniter\CodeIgniter->handleRequest(null, Object(Config\Cache), false)
 9 FCPATH\index.php(67): CodeIgniter\CodeIgniter->run()
CRITICAL - 2023-02-10 06:52:33 --> Undefined variable: validation
in APPPATH\Views\contact.php on line 16.
 1 APPPATH\Views\contact.php(16): CodeIgniter\Debug\Exceptions->errorHandler(8, 'Undefined variable: validation', 'APPPATH\\Views\\contact.php', 16, [])
 2 SYSTEMPATH\View\View.php(213): include('APPPATH\\Views\\contact.php')
 3 SYSTEMPATH\View\View.php(216): CodeIgniter\View\View->CodeIgniter\View\{closure}()
 4 SYSTEMPATH\Common.php(1177): CodeIgniter\View\View->render('contact', [], true)
 5 APPPATH\Controllers\Contact.php(41): view('contact', [])
 6 SYSTEMPATH\CodeIgniter.php(934): App\Controllers\Contact->index()
 7 SYSTEMPATH\CodeIgniter.php(499): CodeIgniter\CodeIgniter->runController(Object(App\Controllers\Contact))
 8 SYSTEMPATH\CodeIgniter.php(368): CodeIgniter\CodeIgniter->handleRequest(null, Object(Config\Cache), false)
 9 FCPATH\index.php(67): CodeIgniter\CodeIgniter->run()
CRITICAL - 2023-02-10 06:57:03 --> Undefined variable: validation
in APPPATH\Views\contact.php on line 2.
 1 APPPATH\Views\contact.php(2): CodeIgniter\Debug\Exceptions->errorHandler(8, 'Undefined variable: validation', 'APPPATH\\Views\\contact.php', 2, [])
 2 SYSTEMPATH\View\View.php(213): include('APPPATH\\Views\\contact.php')
 3 SYSTEMPATH\View\View.php(216): CodeIgniter\View\View->CodeIgniter\View\{closure}()
 4 SYSTEMPATH\Common.php(1177): CodeIgniter\View\View->render('contact', [], true)
 5 APPPATH\Controllers\Contact.php(41): view('contact', [])
 6 SYSTEMPATH\CodeIgniter.php(934): App\Controllers\Contact->index()
 7 SYSTEMPATH\CodeIgniter.php(499): CodeIgniter\CodeIgniter->runController(Object(App\Controllers\Contact))
 8 SYSTEMPATH\CodeIgniter.php(368): CodeIgniter\CodeIgniter->handleRequest(null, Object(Config\Cache), false)
 9 FCPATH\index.php(67): CodeIgniter\CodeIgniter->run()
CRITICAL - 2023-02-10 06:57:04 --> Undefined variable: validation
in APPPATH\Views\contact.php on line 2.
 1 APPPATH\Views\contact.php(2): CodeIgniter\Debug\Exceptions->errorHandler(8, 'Undefined variable: validation', 'APPPATH\\Views\\contact.php', 2, [])
 2 SYSTEMPATH\View\View.php(213): include('APPPATH\\Views\\contact.php')
 3 SYSTEMPATH\View\View.php(216): CodeIgniter\View\View->CodeIgniter\View\{closure}()
 4 SYSTEMPATH\Common.php(1177): CodeIgniter\View\View->render('contact', [], true)
 5 APPPATH\Controllers\Contact.php(41): view('contact', [])
 6 SYSTEMPATH\CodeIgniter.php(934): App\Controllers\Contact->index()
 7 SYSTEMPATH\CodeIgniter.php(499): CodeIgniter\CodeIgniter->runController(Object(App\Controllers\Contact))
 8 SYSTEMPATH\CodeIgniter.php(368): CodeIgniter\CodeIgniter->handleRequest(null, Object(Config\Cache), false)
 9 FCPATH\index.php(67): CodeIgniter\CodeIgniter->run()
CRITICAL - 2023-02-10 06:57:20 --> Undefined variable: validation
in APPPATH\Views\contact.php on line 16.
 1 APPPATH\Views\contact.php(16): CodeIgniter\Debug\Exceptions->errorHandler(8, 'Undefined variable: validation', 'APPPATH\\Views\\contact.php', 16, [])
 2 SYSTEMPATH\View\View.php(213): include('APPPATH\\Views\\contact.php')
 3 SYSTEMPATH\View\View.php(216): CodeIgniter\View\View->CodeIgniter\View\{closure}()
 4 SYSTEMPATH\Common.php(1177): CodeIgniter\View\View->render('contact', [], true)
 5 APPPATH\Controllers\Contact.php(41): view('contact', [])
 6 SYSTEMPATH\CodeIgniter.php(934): App\Controllers\Contact->index()
 7 SYSTEMPATH\CodeIgniter.php(499): CodeIgniter\CodeIgniter->runController(Object(App\Controllers\Contact))
 8 SYSTEMPATH\CodeIgniter.php(368): CodeIgniter\CodeIgniter->handleRequest(null, Object(Config\Cache), false)
 9 FCPATH\index.php(67): CodeIgniter\CodeIgniter->run()
CRITICAL - 2023-02-10 06:57:37 --> Undefined variable: validation
in APPPATH\Views\contact.php on line 16.
 1 APPPATH\Views\contact.php(16): CodeIgniter\Debug\Exceptions->errorHandler(8, 'Undefined variable: validation', 'APPPATH\\Views\\contact.php', 16, [])
 2 SYSTEMPATH\View\View.php(213): include('APPPATH\\Views\\contact.php')
 3 SYSTEMPATH\View\View.php(216): CodeIgniter\View\View->CodeIgniter\View\{closure}()
 4 SYSTEMPATH\Common.php(1177): CodeIgniter\View\View->render('contact', [], true)
 5 APPPATH\Controllers\Contact.php(41): view('contact', [])
 6 SYSTEMPATH\CodeIgniter.php(934): App\Controllers\Contact->index()
 7 SYSTEMPATH\CodeIgniter.php(499): CodeIgniter\CodeIgniter->runController(Object(App\Controllers\Contact))
 8 SYSTEMPATH\CodeIgniter.php(368): CodeIgniter\CodeIgniter->handleRequest(null, Object(Config\Cache), false)
 9 FCPATH\index.php(67): CodeIgniter\CodeIgniter->run()
CRITICAL - 2023-02-10 06:57:38 --> Undefined variable: validation
in APPPATH\Views\contact.php on line 16.
 1 APPPATH\Views\contact.php(16): CodeIgniter\Debug\Exceptions->errorHandler(8, 'Undefined variable: validation', 'APPPATH\\Views\\contact.php', 16, [])
 2 SYSTEMPATH\View\View.php(213): include('APPPATH\\Views\\contact.php')
 3 SYSTEMPATH\View\View.php(216): CodeIgniter\View\View->CodeIgniter\View\{closure}()
 4 SYSTEMPATH\Common.php(1177): CodeIgniter\View\View->render('contact', [], true)
 5 APPPATH\Controllers\Contact.php(41): view('contact', [])
 6 SYSTEMPATH\CodeIgniter.php(934): App\Controllers\Contact->index()
 7 SYSTEMPATH\CodeIgniter.php(499): CodeIgniter\CodeIgniter->runController(Object(App\Controllers\Contact))
 8 SYSTEMPATH\CodeIgniter.php(368): CodeIgniter\CodeIgniter->handleRequest(null, Object(Config\Cache), false)
 9 FCPATH\index.php(67): CodeIgniter\CodeIgniter->run()
CRITICAL - 2023-02-10 06:59:19 --> Undefined variable: validation
in APPPATH\Views\contact.php on line 2.
 1 APPPATH\Views\contact.php(2): CodeIgniter\Debug\Exceptions->errorHandler(8, 'Undefined variable: validation', 'APPPATH\\Views\\contact.php', 2, [])
 2 SYSTEMPATH\View\View.php(213): include('APPPATH\\Views\\contact.php')
 3 SYSTEMPATH\View\View.php(216): CodeIgniter\View\View->CodeIgniter\View\{closure}()
 4 SYSTEMPATH\Common.php(1177): CodeIgniter\View\View->render('contact', [], true)
 5 APPPATH\Controllers\Contact.php(41): view('contact', [])
 6 SYSTEMPATH\CodeIgniter.php(934): App\Controllers\Contact->index()
 7 SYSTEMPATH\CodeIgniter.php(499): CodeIgniter\CodeIgniter->runController(Object(App\Controllers\Contact))
 8 SYSTEMPATH\CodeIgniter.php(368): CodeIgniter\CodeIgniter->handleRequest(null, Object(Config\Cache), false)
 9 FCPATH\index.php(67): CodeIgniter\CodeIgniter->run()
CRITICAL - 2023-02-10 06:59:27 --> Undefined variable: validation
in APPPATH\Views\contact.php on line 15.
 1 APPPATH\Views\contact.php(15): CodeIgniter\Debug\Exceptions->errorHandler(8, 'Undefined variable: validation', 'APPPATH\\Views\\contact.php', 15, [])
 2 SYSTEMPATH\View\View.php(213): include('APPPATH\\Views\\contact.php')
 3 SYSTEMPATH\View\View.php(216): CodeIgniter\View\View->CodeIgniter\View\{closure}()
 4 SYSTEMPATH\Common.php(1177): CodeIgniter\View\View->render('contact', [], true)
 5 APPPATH\Controllers\Contact.php(41): view('contact', [])
 6 SYSTEMPATH\CodeIgniter.php(934): App\Controllers\Contact->index()
 7 SYSTEMPATH\CodeIgniter.php(499): CodeIgniter\CodeIgniter->runController(Object(App\Controllers\Contact))
 8 SYSTEMPATH\CodeIgniter.php(368): CodeIgniter\CodeIgniter->handleRequest(null, Object(Config\Cache), false)
 9 FCPATH\index.php(67): CodeIgniter\CodeIgniter->run()
CRITICAL - 2023-02-10 06:59:28 --> Undefined variable: validation
in APPPATH\Views\contact.php on line 15.
 1 APPPATH\Views\contact.php(15): CodeIgniter\Debug\Exceptions->errorHandler(8, 'Undefined variable: validation', 'APPPATH\\Views\\contact.php', 15, [])
 2 SYSTEMPATH\View\View.php(213): include('APPPATH\\Views\\contact.php')
 3 SYSTEMPATH\View\View.php(216): CodeIgniter\View\View->CodeIgniter\View\{closure}()
 4 SYSTEMPATH\Common.php(1177): CodeIgniter\View\View->render('contact', [], true)
 5 APPPATH\Controllers\Contact.php(41): view('contact', [])
 6 SYSTEMPATH\CodeIgniter.php(934): App\Controllers\Contact->index()
 7 SYSTEMPATH\CodeIgniter.php(499): CodeIgniter\CodeIgniter->runController(Object(App\Controllers\Contact))
 8 SYSTEMPATH\CodeIgniter.php(368): CodeIgniter\CodeIgniter->handleRequest(null, Object(Config\Cache), false)
 9 FCPATH\index.php(67): CodeIgniter\CodeIgniter->run()
CRITICAL - 2023-02-10 07:01:27 --> Undefined variable: validation
in APPPATH\Views\contact.php on line 14.
 1 APPPATH\Views\contact.php(14): CodeIgniter\Debug\Exceptions->errorHandler(8, 'Undefined variable: validation', 'APPPATH\\Views\\contact.php', 14, [])
 2 SYSTEMPATH\View\View.php(213): include('APPPATH\\Views\\contact.php')
 3 SYSTEMPATH\View\View.php(216): CodeIgniter\View\View->CodeIgniter\View\{closure}()
 4 SYSTEMPATH\Common.php(1177): CodeIgniter\View\View->render('contact', [], true)
 5 APPPATH\Controllers\Contact.php(41): view('contact', [])
 6 SYSTEMPATH\CodeIgniter.php(934): App\Controllers\Contact->index()
 7 SYSTEMPATH\CodeIgniter.php(499): CodeIgniter\CodeIgniter->runController(Object(App\Controllers\Contact))
 8 SYSTEMPATH\CodeIgniter.php(368): CodeIgniter\CodeIgniter->handleRequest(null, Object(Config\Cache), false)
 9 FCPATH\index.php(67): CodeIgniter\CodeIgniter->run()
CRITICAL - 2023-02-10 07:02:37 --> Undefined variable: validation
in APPPATH\Views\contact.php on line 14.
 1 APPPATH\Views\contact.php(14): CodeIgniter\Debug\Exceptions->errorHandler(8, 'Undefined variable: validation', 'APPPATH\\Views\\contact.php', 14, [])
 2 SYSTEMPATH\View\View.php(213): include('APPPATH\\Views\\contact.php')
 3 SYSTEMPATH\View\View.php(216): CodeIgniter\View\View->CodeIgniter\View\{closure}()
 4 SYSTEMPATH\Common.php(1177): CodeIgniter\View\View->render('contact', [], true)
 5 APPPATH\Controllers\Contact.php(42): view('contact', [])
 6 SYSTEMPATH\CodeIgniter.php(934): App\Controllers\Contact->index()
 7 SYSTEMPATH\CodeIgniter.php(499): CodeIgniter\CodeIgniter->runController(Object(App\Controllers\Contact))
 8 SYSTEMPATH\CodeIgniter.php(368): CodeIgniter\CodeIgniter->handleRequest(null, Object(Config\Cache), false)
 9 FCPATH\index.php(67): CodeIgniter\CodeIgniter->run()
CRITICAL - 2023-02-10 07:02:39 --> Undefined variable: validation
in APPPATH\Views\contact.php on line 14.
 1 APPPATH\Views\contact.php(14): CodeIgniter\Debug\Exceptions->errorHandler(8, 'Undefined variable: validation', 'APPPATH\\Views\\contact.php', 14, [])
 2 SYSTEMPATH\View\View.php(213): include('APPPATH\\Views\\contact.php')
 3 SYSTEMPATH\View\View.php(216): CodeIgniter\View\View->CodeIgniter\View\{closure}()
 4 SYSTEMPATH\Common.php(1177): CodeIgniter\View\View->render('contact', [], true)
 5 APPPATH\Controllers\Contact.php(42): view('contact', [])
 6 SYSTEMPATH\CodeIgniter.php(934): App\Controllers\Contact->index()
 7 SYSTEMPATH\CodeIgniter.php(499): CodeIgniter\CodeIgniter->runController(Object(App\Controllers\Contact))
 8 SYSTEMPATH\CodeIgniter.php(368): CodeIgniter\CodeIgniter->handleRequest(null, Object(Config\Cache), false)
 9 FCPATH\index.php(67): CodeIgniter\CodeIgniter->run()
CRITICAL - 2023-02-10 07:11:41 --> syntax error, unexpected '?>'
in APPPATH\Views\contact.php on line 11.
 1 SYSTEMPATH\View\View.php(216): CodeIgniter\View\View->CodeIgniter\View\{closure}()
 2 SYSTEMPATH\Common.php(1177): CodeIgniter\View\View->render('contact', [], true)
 3 APPPATH\Controllers\Contact.php(41): view('contact', [...])
 4 SYSTEMPATH\CodeIgniter.php(934): App\Controllers\Contact->index()
 5 SYSTEMPATH\CodeIgniter.php(499): CodeIgniter\CodeIgniter->runController(Object(App\Controllers\Contact))
 6 SYSTEMPATH\CodeIgniter.php(368): CodeIgniter\CodeIgniter->handleRequest(null, Object(Config\Cache), false)
 7 FCPATH\index.php(67): CodeIgniter\CodeIgniter->run()
CRITICAL - 2023-02-10 07:47:09 --> Too few arguments to function App\Controllers\Contact::index(), 0 passed in C:\xampp\htdocs\ci1\system\CodeIgniter.php on line 934 and exactly 1 expected
in APPPATH\Controllers\Contact.php on line 20.
 1 SYSTEMPATH\CodeIgniter.php(934): App\Controllers\Contact->index()
 2 SYSTEMPATH\CodeIgniter.php(499): CodeIgniter\CodeIgniter->runController(Object(App\Controllers\Contact))
 3 SYSTEMPATH\CodeIgniter.php(368): CodeIgniter\CodeIgniter->handleRequest(null, Object(Config\Cache), false)
 4 FCPATH\index.php(67): CodeIgniter\CodeIgniter->run()
CRITICAL - 2023-02-10 07:47:10 --> Too few arguments to function App\Controllers\Contact::index(), 0 passed in C:\xampp\htdocs\ci1\system\CodeIgniter.php on line 934 and exactly 1 expected
in APPPATH\Controllers\Contact.php on line 20.
 1 SYSTEMPATH\CodeIgniter.php(934): App\Controllers\Contact->index()
 2 SYSTEMPATH\CodeIgniter.php(499): CodeIgniter\CodeIgniter->runController(Object(App\Controllers\Contact))
 3 SYSTEMPATH\CodeIgniter.php(368): CodeIgniter\CodeIgniter->handleRequest(null, Object(Config\Cache), false)
 4 FCPATH\index.php(67): CodeIgniter\CodeIgniter->run()
CRITICAL - 2023-02-10 07:47:43 --> You must set the database table to be used with your query.
in SYSTEMPATH\Database\BaseConnection.php on line 882.
 1 SYSTEMPATH\Model.php(641): CodeIgniter\Database\BaseConnection->table(null)
 2 SYSTEMPATH\Model.php(831): CodeIgniter\Model->builder()
 3 APPPATH\Controllers\Contact.php(49): CodeIgniter\Model->__call('saveData', [...])
 4 SYSTEMPATH\CodeIgniter.php(934): App\Controllers\Contact->index()
 5 SYSTEMPATH\CodeIgniter.php(499): CodeIgniter\CodeIgniter->runController(Object(App\Controllers\Contact))
 6 SYSTEMPATH\CodeIgniter.php(368): CodeIgniter\CodeIgniter->handleRequest(null, Object(Config\Cache), false)
 7 FCPATH\index.php(67): CodeIgniter\CodeIgniter->run()
CRITICAL - 2023-02-10 10:19:51 --> You must set the database table to be used with your query.
in SYSTEMPATH\Database\BaseConnection.php on line 882.
 1 SYSTEMPATH\Model.php(641): CodeIgniter\Database\BaseConnection->table(null)
 2 SYSTEMPATH\Model.php(831): CodeIgniter\Model->builder()
 3 APPPATH\Controllers\Contact.php(48): CodeIgniter\Model->__call('saveData', [...])
 4 SYSTEMPATH\CodeIgniter.php(934): App\Controllers\Contact->index()
 5 SYSTEMPATH\CodeIgniter.php(499): CodeIgniter\CodeIgniter->runController(Object(App\Controllers\Contact))
 6 SYSTEMPATH\CodeIgniter.php(368): CodeIgniter\CodeIgniter->handleRequest(null, Object(Config\Cache), false)
 7 FCPATH\index.php(67): CodeIgniter\CodeIgniter->run()
CRITICAL - 2023-02-10 10:25:58 --> You must set the database table to be used with your query.
in SYSTEMPATH\Database\BaseConnection.php on line 882.
 1 SYSTEMPATH\Model.php(641): CodeIgniter\Database\BaseConnection->table(null)
 2 SYSTEMPATH\Model.php(831): CodeIgniter\Model->builder()
 3 APPPATH\Controllers\Contact.php(48): CodeIgniter\Model->__call('saveData', [...])
 4 SYSTEMPATH\CodeIgniter.php(934): App\Controllers\Contact->index()
 5 SYSTEMPATH\CodeIgniter.php(499): CodeIgniter\CodeIgniter->runController(Object(App\Controllers\Contact))
 6 SYSTEMPATH\CodeIgniter.php(368): CodeIgniter\CodeIgniter->handleRequest(null, Object(Config\Cache), false)
 7 FCPATH\index.php(67): CodeIgniter\CodeIgniter->run()
CRITICAL - 2023-02-10 10:47:33 --> The action you requested is not allowed.
in SYSTEMPATH\Security\Security.php on line 306.
 1 SYSTEMPATH\Security\Security.php(306): CodeIgniter\Security\Exceptions\SecurityException::forDisallowedAction()
 2 SYSTEMPATH\Filters\CSRF.php(55): CodeIgniter\Security\Security->verify(Object(CodeIgniter\HTTP\IncomingRequest))
 3 SYSTEMPATH\Filters\Filters.php(173): CodeIgniter\Filters\CSRF->before(Object(CodeIgniter\HTTP\IncomingRequest), null)
 4 SYSTEMPATH\CodeIgniter.php(473): CodeIgniter\Filters\Filters->run('/contact', 'before')
 5 SYSTEMPATH\CodeIgniter.php(368): CodeIgniter\CodeIgniter->handleRequest(null, Object(Config\Cache), false)
 6 FCPATH\index.php(67): CodeIgniter\CodeIgniter->run()
CRITICAL - 2023-02-10 10:47:44 --> The action you requested is not allowed.
in SYSTEMPATH\Security\Security.php on line 306.
 1 SYSTEMPATH\Security\Security.php(306): CodeIgniter\Security\Exceptions\SecurityException::forDisallowedAction()
 2 SYSTEMPATH\Filters\CSRF.php(55): CodeIgniter\Security\Security->verify(Object(CodeIgniter\HTTP\IncomingRequest))
 3 SYSTEMPATH\Filters\Filters.php(173): CodeIgniter\Filters\CSRF->before(Object(CodeIgniter\HTTP\IncomingRequest), null)
 4 SYSTEMPATH\CodeIgniter.php(473): CodeIgniter\Filters\Filters->run('/contact', 'before')
 5 SYSTEMPATH\CodeIgniter.php(368): CodeIgniter\CodeIgniter->handleRequest(null, Object(Config\Cache), false)
 6 FCPATH\index.php(67): CodeIgniter\CodeIgniter->run()
CRITICAL - 2023-02-10 11:49:55 --> Undefined variable: validation
in APPPATH\Views\contact.php on line 16.
 1 APPPATH\Views\contact.php(16): CodeIgniter\Debug\Exceptions->errorHandler(8, 'Undefined variable: validation', 'APPPATH\\Views\\contact.php', 16, [...])
 2 SYSTEMPATH\View\View.php(213): include('APPPATH\\Views\\contact.php')
 3 SYSTEMPATH\View\View.php(216): CodeIgniter\View\View->CodeIgniter\View\{closure}()
 4 SYSTEMPATH\View\View.php(431): CodeIgniter\View\View->render('contact', null, true)
 5 APPPATH\Views\newview.php(84): CodeIgniter\View\View->include('contact')
 6 SYSTEMPATH\View\View.php(213): include('APPPATH\\Views\\newview.php')
 7 SYSTEMPATH\View\View.php(216): CodeIgniter\View\View->CodeIgniter\View\{closure}()
 8 SYSTEMPATH\Common.php(1177): CodeIgniter\View\View->render('newview', [], true)
 9 APPPATH\Controllers\Welcome.php(38): view('newview', [...])
10 SYSTEMPATH\CodeIgniter.php(934): App\Controllers\Welcome->index()
11 SYSTEMPATH\CodeIgniter.php(499): CodeIgniter\CodeIgniter->runController(Object(App\Controllers\Welcome))
12 SYSTEMPATH\CodeIgniter.php(368): CodeIgniter\CodeIgniter->handleRequest(null, Object(Config\Cache), false)
13 FCPATH\index.php(67): CodeIgniter\CodeIgniter->run()
CRITICAL - 2023-02-10 11:50:27 --> The action you requested is not allowed.
in SYSTEMPATH\Security\Security.php on line 306.
 1 SYSTEMPATH\Security\Security.php(306): CodeIgniter\Security\Exceptions\SecurityException::forDisallowedAction()
 2 SYSTEMPATH\Filters\CSRF.php(55): CodeIgniter\Security\Security->verify(Object(CodeIgniter\HTTP\IncomingRequest))
 3 SYSTEMPATH\Filters\Filters.php(173): CodeIgniter\Filters\CSRF->before(Object(CodeIgniter\HTTP\IncomingRequest), null)
 4 SYSTEMPATH\CodeIgniter.php(473): CodeIgniter\Filters\Filters->run('/contact', 'before')
 5 SYSTEMPATH\CodeIgniter.php(368): CodeIgniter\CodeIgniter->handleRequest(null, Object(Config\Cache), false)
 6 FCPATH\index.php(67): CodeIgniter\CodeIgniter->run()
CRITICAL - 2023-02-10 11:52:24 --> The action you requested is not allowed.
in SYSTEMPATH\Security\Security.php on line 306.
 1 SYSTEMPATH\Security\Security.php(306): CodeIgniter\Security\Exceptions\SecurityException::forDisallowedAction()
 2 SYSTEMPATH\Filters\CSRF.php(55): CodeIgniter\Security\Security->verify(Object(CodeIgniter\HTTP\IncomingRequest))
 3 SYSTEMPATH\Filters\Filters.php(173): CodeIgniter\Filters\CSRF->before(Object(CodeIgniter\HTTP\IncomingRequest), null)
 4 SYSTEMPATH\CodeIgniter.php(473): CodeIgniter\Filters\Filters->run('/contact', 'before')
 5 SYSTEMPATH\CodeIgniter.php(368): CodeIgniter\CodeIgniter->handleRequest(null, Object(Config\Cache), false)
 6 FCPATH\index.php(67): CodeIgniter\CodeIgniter->run()
CRITICAL - 2023-02-10 12:11:00 --> Class 'App\Models\ContactModel' not found
in APPPATH\Controllers\Contact.php on line 18.
 1 SYSTEMPATH\CodeIgniter.php(906): App\Controllers\Contact->__construct()
 2 SYSTEMPATH\CodeIgniter.php(490): CodeIgniter\CodeIgniter->createController()
 3 SYSTEMPATH\CodeIgniter.php(368): CodeIgniter\CodeIgniter->handleRequest(null, Object(Config\Cache), false)
 4 FCPATH\index.php(67): CodeIgniter\CodeIgniter->run()
CRITICAL - 2023-02-10 12:14:15 --> Class 'App\Models\ContactModel' not found
in APPPATH\Controllers\Contact.php on line 18.
 1 SYSTEMPATH\CodeIgniter.php(906): App\Controllers\Contact->__construct()
 2 SYSTEMPATH\CodeIgniter.php(490): CodeIgniter\CodeIgniter->createController()
 3 SYSTEMPATH\CodeIgniter.php(368): CodeIgniter\CodeIgniter->handleRequest(null, Object(Config\Cache), false)
 4 FCPATH\index.php(67): CodeIgniter\CodeIgniter->run()
CRITICAL - 2023-02-10 12:16:46 --> Undefined variable: validation
in APPPATH\Views\contact.php on line 16.
 1 APPPATH\Views\contact.php(16): CodeIgniter\Debug\Exceptions->errorHandler(8, 'Undefined variable: validation', 'APPPATH\\Views\\contact.php', 16, [])
 2 SYSTEMPATH\View\View.php(213): include('APPPATH\\Views\\contact.php')
 3 SYSTEMPATH\View\View.php(216): CodeIgniter\View\View->CodeIgniter\View\{closure}()
 4 SYSTEMPATH\Common.php(1177): CodeIgniter\View\View->render('contact', [], true)
 5 APPPATH\Controllers\Register.php(19): view('contact', [])
 6 SYSTEMPATH\CodeIgniter.php(934): App\Controllers\Register->index()
 7 SYSTEMPATH\CodeIgniter.php(499): CodeIgniter\CodeIgniter->runController(Object(App\Controllers\Register))
 8 SYSTEMPATH\CodeIgniter.php(368): CodeIgniter\CodeIgniter->handleRequest(null, Object(Config\Cache), false)
 9 FCPATH\index.php(67): CodeIgniter\CodeIgniter->run()
CRITICAL - 2023-02-10 12:16:52 --> Class 'App\Models\ContactModel' not found
in APPPATH\Controllers\Contact.php on line 18.
 1 SYSTEMPATH\CodeIgniter.php(906): App\Controllers\Contact->__construct()
 2 SYSTEMPATH\CodeIgniter.php(490): CodeIgniter\CodeIgniter->createController()
 3 SYSTEMPATH\CodeIgniter.php(368): CodeIgniter\CodeIgniter->handleRequest(null, Object(Config\Cache), false)
 4 FCPATH\index.php(67): CodeIgniter\CodeIgniter->run()
CRITICAL - 2023-02-10 12:19:43 --> Class 'App\Models\ContactModel' not found
in APPPATH\Controllers\Contact.php on line 18.
 1 SYSTEMPATH\CodeIgniter.php(906): App\Controllers\Contact->__construct()
 2 SYSTEMPATH\CodeIgniter.php(490): CodeIgniter\CodeIgniter->createController()
 3 SYSTEMPATH\CodeIgniter.php(368): CodeIgniter\CodeIgniter->handleRequest(null, Object(Config\Cache), false)
 4 FCPATH\index.php(67): CodeIgniter\CodeIgniter->run()
CRITICAL - 2023-02-10 12:19:45 --> Class 'App\Models\ContactModel' not found
in APPPATH\Controllers\Contact.php on line 18.
 1 SYSTEMPATH\CodeIgniter.php(906): App\Controllers\Contact->__construct()
 2 SYSTEMPATH\CodeIgniter.php(490): CodeIgniter\CodeIgniter->createController()
 3 SYSTEMPATH\CodeIgniter.php(368): CodeIgniter\CodeIgniter->handleRequest(null, Object(Config\Cache), false)
 4 FCPATH\index.php(67): CodeIgniter\CodeIgniter->run()
CRITICAL - 2023-02-10 12:20:02 --> Class 'App\Models\ContactModel' not found
in APPPATH\Controllers\Contact.php on line 18.
 1 SYSTEMPATH\CodeIgniter.php(906): App\Controllers\Contact->__construct()
 2 SYSTEMPATH\CodeIgniter.php(490): CodeIgniter\CodeIgniter->createController()
 3 SYSTEMPATH\CodeIgniter.php(368): CodeIgniter\CodeIgniter->handleRequest(null, Object(Config\Cache), false)
 4 FCPATH\index.php(67): CodeIgniter\CodeIgniter->run()
CRITICAL - 2023-02-10 12:27:47 --> Too few arguments to function App\Controllers\Contact::__construct(), 0 passed in C:\xampp\htdocs\ci1\system\CodeIgniter.php on line 906 and exactly 1 expected
in APPPATH\Controllers\Contact.php on line 15.
 1 SYSTEMPATH\CodeIgniter.php(906): App\Controllers\Contact->__construct()
 2 SYSTEMPATH\CodeIgniter.php(490): CodeIgniter\CodeIgniter->createController()
 3 SYSTEMPATH\CodeIgniter.php(368): CodeIgniter\CodeIgniter->handleRequest(null, Object(Config\Cache), false)
 4 FCPATH\index.php(67): CodeIgniter\CodeIgniter->run()
CRITICAL - 2023-02-10 12:27:49 --> Too few arguments to function App\Controllers\Contact::__construct(), 0 passed in C:\xampp\htdocs\ci1\system\CodeIgniter.php on line 906 and exactly 1 expected
in APPPATH\Controllers\Contact.php on line 15.
 1 SYSTEMPATH\CodeIgniter.php(906): App\Controllers\Contact->__construct()
 2 SYSTEMPATH\CodeIgniter.php(490): CodeIgniter\CodeIgniter->createController()
 3 SYSTEMPATH\CodeIgniter.php(368): CodeIgniter\CodeIgniter->handleRequest(null, Object(Config\Cache), false)
 4 FCPATH\index.php(67): CodeIgniter\CodeIgniter->run()
CRITICAL - 2023-02-10 12:29:15 --> Too few arguments to function App\Controllers\Contact::__construct(), 0 passed in C:\xampp\htdocs\ci1\system\CodeIgniter.php on line 906 and exactly 1 expected
in APPPATH\Controllers\Contact.php on line 15.
 1 SYSTEMPATH\CodeIgniter.php(906): App\Controllers\Contact->__construct()
 2 SYSTEMPATH\CodeIgniter.php(490): CodeIgniter\CodeIgniter->createController()
 3 SYSTEMPATH\CodeIgniter.php(368): CodeIgniter\CodeIgniter->handleRequest(null, Object(Config\Cache), false)
 4 FCPATH\index.php(67): CodeIgniter\CodeIgniter->run()
CRITICAL - 2023-02-10 12:29:30 --> syntax error, unexpected ')', expecting ';' or '{'
in APPPATH\Controllers\Contact.php on line 15.
 1 SYSTEMPATH\Router\Router.php(506): CodeIgniter\Router\AutoRouter->getRoute('/contact')
 2 SYSTEMPATH\Router\Router.php(205): CodeIgniter\Router\Router->autoRoute('/contact')
 3 SYSTEMPATH\CodeIgniter.php(815): CodeIgniter\Router\Router->handle('/contact')
 4 SYSTEMPATH\CodeIgniter.php(449): CodeIgniter\CodeIgniter->tryToRouteIt(Object(CodeIgniter\Router\RouteCollection))
 5 SYSTEMPATH\CodeIgniter.php(368): CodeIgniter\CodeIgniter->handleRequest(null, Object(Config\Cache), false)
 6 FCPATH\index.php(67): CodeIgniter\CodeIgniter->run()
CRITICAL - 2023-02-10 12:29:31 --> syntax error, unexpected ')', expecting ';' or '{'
in APPPATH\Controllers\Contact.php on line 15.
 1 SYSTEMPATH\Router\Router.php(506): CodeIgniter\Router\AutoRouter->getRoute('/contact')
 2 SYSTEMPATH\Router\Router.php(205): CodeIgniter\Router\Router->autoRoute('/contact')
 3 SYSTEMPATH\CodeIgniter.php(815): CodeIgniter\Router\Router->handle('/contact')
 4 SYSTEMPATH\CodeIgniter.php(449): CodeIgniter\CodeIgniter->tryToRouteIt(Object(CodeIgniter\Router\RouteCollection))
 5 SYSTEMPATH\CodeIgniter.php(368): CodeIgniter\CodeIgniter->handleRequest(null, Object(Config\Cache), false)
 6 FCPATH\index.php(67): CodeIgniter\CodeIgniter->run()
CRITICAL - 2023-02-10 12:29:41 --> Class 'App\Models\ContactModel' not found
in APPPATH\Controllers\Contact.php on line 19.
 1 SYSTEMPATH\CodeIgniter.php(906): App\Controllers\Contact->__construct()
 2 SYSTEMPATH\CodeIgniter.php(490): CodeIgniter\CodeIgniter->createController()
 3 SYSTEMPATH\CodeIgniter.php(368): CodeIgniter\CodeIgniter->handleRequest(null, Object(Config\Cache), false)
 4 FCPATH\index.php(67): CodeIgniter\CodeIgniter->run()
CRITICAL - 2023-02-10 12:29:43 --> Class 'App\Models\ContactModel' not found
in APPPATH\Controllers\Contact.php on line 19.
 1 SYSTEMPATH\CodeIgniter.php(906): App\Controllers\Contact->__construct()
 2 SYSTEMPATH\CodeIgniter.php(490): CodeIgniter\CodeIgniter->createController()
 3 SYSTEMPATH\CodeIgniter.php(368): CodeIgniter\CodeIgniter->handleRequest(null, Object(Config\Cache), false)
 4 FCPATH\index.php(67): CodeIgniter\CodeIgniter->run()
CRITICAL - 2023-02-10 12:30:22 --> Class 'App\Models\ContactModel' not found
in APPPATH\Controllers\Contact.php on line 19.
 1 SYSTEMPATH\CodeIgniter.php(906): App\Controllers\Contact->__construct()
 2 SYSTEMPATH\CodeIgniter.php(490): CodeIgniter\CodeIgniter->createController()
 3 SYSTEMPATH\CodeIgniter.php(368): CodeIgniter\CodeIgniter->handleRequest(null, Object(Config\Cache), false)
 4 FCPATH\index.php(67): CodeIgniter\CodeIgniter->run()
CRITICAL - 2023-02-10 12:34:01 --> Class 'App\Models\ContactModel' not found
in APPPATH\Controllers\Contact.php on line 19.
 1 SYSTEMPATH\CodeIgniter.php(906): App\Controllers\Contact->__construct()
 2 SYSTEMPATH\CodeIgniter.php(490): CodeIgniter\CodeIgniter->createController()
 3 SYSTEMPATH\CodeIgniter.php(368): CodeIgniter\CodeIgniter->handleRequest(null, Object(Config\Cache), false)
 4 FCPATH\index.php(67): CodeIgniter\CodeIgniter->run()
CRITICAL - 2023-02-10 12:35:04 --> Class 'App\Models\ContactModel' not found
in APPPATH\Controllers\Contact.php on line 19.
 1 SYSTEMPATH\CodeIgniter.php(906): App\Controllers\Contact->__construct()
 2 SYSTEMPATH\CodeIgniter.php(490): CodeIgniter\CodeIgniter->createController()
 3 SYSTEMPATH\CodeIgniter.php(368): CodeIgniter\CodeIgniter->handleRequest(null, Object(Config\Cache), false)
 4 FCPATH\index.php(67): CodeIgniter\CodeIgniter->run()
CRITICAL - 2023-02-10 12:38:14 --> Class 'App\Models\ContactModel' not found
in APPPATH\Controllers\Contact.php on line 19.
 1 SYSTEMPATH\CodeIgniter.php(906): App\Controllers\Contact->__construct()
 2 SYSTEMPATH\CodeIgniter.php(490): CodeIgniter\CodeIgniter->createController()
 3 SYSTEMPATH\CodeIgniter.php(368): CodeIgniter\CodeIgniter->handleRequest(null, Object(Config\Cache), false)
 4 FCPATH\index.php(67): CodeIgniter\CodeIgniter->run()
CRITICAL - 2023-02-10 12:38:38 --> Class 'App\Models\ContactModel' not found
in APPPATH\Controllers\Contact.php on line 19.
 1 SYSTEMPATH\CodeIgniter.php(906): App\Controllers\Contact->__construct()
 2 SYSTEMPATH\CodeIgniter.php(490): CodeIgniter\CodeIgniter->createController()
 3 SYSTEMPATH\CodeIgniter.php(368): CodeIgniter\CodeIgniter->handleRequest(null, Object(Config\Cache), false)
 4 FCPATH\index.php(67): CodeIgniter\CodeIgniter->run()
CRITICAL - 2023-02-10 12:38:39 --> Class 'App\Models\ContactModel' not found
in APPPATH\Controllers\Contact.php on line 19.
 1 SYSTEMPATH\CodeIgniter.php(906): App\Controllers\Contact->__construct()
 2 SYSTEMPATH\CodeIgniter.php(490): CodeIgniter\CodeIgniter->createController()
 3 SYSTEMPATH\CodeIgniter.php(368): CodeIgniter\CodeIgniter->handleRequest(null, Object(Config\Cache), false)
 4 FCPATH\index.php(67): CodeIgniter\CodeIgniter->run()
CRITICAL - 2023-02-10 12:41:17 --> Class 'App\Models\ContactModel' not found
in APPPATH\Controllers\Contact.php on line 19.
 1 SYSTEMPATH\CodeIgniter.php(906): App\Controllers\Contact->__construct()
 2 SYSTEMPATH\CodeIgniter.php(490): CodeIgniter\CodeIgniter->createController()
 3 SYSTEMPATH\CodeIgniter.php(368): CodeIgniter\CodeIgniter->handleRequest(null, Object(Config\Cache), false)
 4 FCPATH\index.php(67): CodeIgniter\CodeIgniter->run()
